
Showing logs for build [32mcb-kubecd-environment-pr-158-42-dxr9w-1[0m stage [32mfrom-build-pack[0m and container [32mstep-credential-initializer-sss8b[0m
{"level":"warn","ts":1581857675.4149108,"logger":"fallback-logger","caller":"logging/config.go:69","msg":"Fetch GitHub commit ID from kodata failed: \"ref: refs/heads/0.8.0-**-support-backwards-incompats\" is not a valid GitHub commit ID"}
{"level":"info","ts":1581857675.415548,"logger":"fallback-logger","caller":"creds-init/main.go:40","msg":"Credentials initialized."}

Showing logs for build [32mcb-kubecd-environment-pr-158-42-dxr9w-1[0m stage [32mfrom-build-pack[0m and container [32mstep-working-dir-initializer-jrz97[0m
{"level":"warn","ts":1581857676.7983813,"logger":"fallback-logger","caller":"logging/config.go:69","msg":"Fetch GitHub commit ID from kodata failed: open /var/run/ko/HEAD: no such file or directory"}
{"level":"info","ts":1581857676.799872,"logger":"fallback-logger","caller":"bash/main.go:64","msg":"Successfully executed command \"sh -c mkdir -p /workspace/source\"; output "}

Showing logs for build [32mcb-kubecd-environment-pr-158-42-dxr9w-1[0m stage [32mfrom-build-pack[0m and container [32mstep-place-tools[0m

Showing logs for build [32mcb-kubecd-environment-pr-158-42-dxr9w-1[0m stage [32mfrom-build-pack[0m and container [32mstep-git-source-cb-kubecd-environment-pr-158-42-dxr9w-mgfdg[0m
{"level":"warn","ts":1581857680.922549,"logger":"fallback-logger","caller":"logging/config.go:69","msg":"Fetch GitHub commit ID from kodata failed: \"ref: refs/heads/0.8.0-**-support-backwards-incompats\" is not a valid GitHub commit ID"}
{"level":"info","ts":1581857681.9955037,"logger":"fallback-logger","caller":"git/git.go:103","msg":"Successfully cloned https://github.com/cb-kubecd/environment-pr-158-42-boot-gke-staging.git @ master in path /workspace/source"}

Showing logs for build [32mcb-kubecd-environment-pr-158-42-dxr9w-1[0m stage [32mfrom-build-pack[0m and container [32mstep-git-merge[0m
Using SHAs from PULL_REFS=master:6023d7c493ea0e6d94e85a09b8d4c16b9e146183,2:f910ee4a5d23931db5e79d7286ceb9f3368e3ae2
DEBUG: LC_ALL=C JX_LOG_LEVEL=error git fetch origin --unshallow f910ee4a5d23931db5e79d7286ceb9f3368e3ae2: 6023d7c493ea0e6d94e85a09b8d4c16b9e146183:
DEBUG: ran git fetch --unshallow origin f910ee4a5d23931db5e79d7286ceb9f3368e3ae2: 6023d7c493ea0e6d94e85a09b8d4c16b9e146183: in 
DEBUG: LC_ALL=C JX_LOG_LEVEL=error git branch
DEBUG: LC_ALL=C JX_LOG_LEVEL=error git checkout master
DEBUG: ran git checkout master in 
DEBUG: LC_ALL=C JX_LOG_LEVEL=error git reset --hard 6023d7c493ea0e6d94e85a09b8d4c16b9e146183
DEBUG: ran git reset --hard 6023d7c493ea0e6d94e85a09b8d4c16b9e146183 in 
DEBUG: LC_ALL=C JX_LOG_LEVEL=error git clean -fd .
DEBUG: ran clean --force -d . in 
DEBUG: LC_ALL=C JX_LOG_LEVEL=error git merge f910ee4a5d23931db5e79d7286ceb9f3368e3ae2
DEBUG: ran git merge f910ee4a5d23931db5e79d7286ceb9f3368e3ae2 in 
DEBUG: LC_ALL=C JX_LOG_LEVEL=error git log --format=%H%x1f%an%x1f%ae%x1f%cn%x1f%ce%x1f%s%n%b%x1e 6023d7c493ea0e6d94e85a09b8d4c16b9e146183..HEAD
Merged SHA f910ee4a5d23931db5e79d7286ceb9f3368e3ae2 with commit message 'chore: Promote bdd-gh-1581857373 to version 0.0.1' into base branch master

Showing logs for build [32mcb-kubecd-environment-pr-158-42-dxr9w-1[0m stage [32mfrom-build-pack[0m and container [32mstep-build-helm-build[0m
WARNING: No $CHART_REPOSITORY defined so using the default value of: http://jenkins-x-chartmuseum:8080
Adding missing Helm repo: storage.googleapis.com https://storage.googleapis.com/chartmuseum.jenkins-x.io
WARNING: No secrets found on "helm/repos" due: reading the secret "helm/repos" from vault: no secret "helm/repos" not found in vault
Read credentials for https://storage.googleapis.com/chartmuseum.jenkins-x.io from vault helm/repos
Successfully added Helm repository storage.googleapis.com.
Adding missing Helm repo: jenkins-x-chartmuseum http://jenkins-x-chartmuseum:8080
WARNING: No secrets found on "helm/repos" due: reading the secret "helm/repos" from vault: no secret "helm/repos" not found in vault
Read credentials for http://jenkins-x-chartmuseum:8080 from vault helm/repos
Successfully added Helm repository jenkins-x-chartmuseum.
WARNING: No $CHART_REPOSITORY defined so using the default value of: http://jenkins-x-chartmuseum:8080
Adding missing Helm repo: chartmuseum.jenkins-x.io http://chartmuseum.jenkins-x.io
WARNING: No secrets found on "helm/repos" due: reading the secret "helm/repos" from vault: no secret "helm/repos" not found in vault
Read credentials for http://chartmuseum.jenkins-x.io from vault helm/repos
Successfully added Helm repository chartmuseum.jenkins-x.io.
