
Showing logs for build [32mcb-kubecd-environment-pr-158-42-76tr9-1[0m stage [32mfrom-build-pack[0m and container [32mstep-credential-initializer-jjpth[0m
{"level":"warn","ts":1581858332.9403386,"logger":"fallback-logger","caller":"logging/config.go:69","msg":"Fetch GitHub commit ID from kodata failed: \"ref: refs/heads/0.8.0-**-support-backwards-incompats\" is not a valid GitHub commit ID"}
{"level":"info","ts":1581858332.9410472,"logger":"fallback-logger","caller":"creds-init/main.go:40","msg":"Credentials initialized."}

Showing logs for build [32mcb-kubecd-environment-pr-158-42-76tr9-1[0m stage [32mfrom-build-pack[0m and container [32mstep-working-dir-initializer-6kmcx[0m
{"level":"warn","ts":1581858333.967766,"logger":"fallback-logger","caller":"logging/config.go:69","msg":"Fetch GitHub commit ID from kodata failed: open /var/run/ko/HEAD: no such file or directory"}
{"level":"info","ts":1581858333.9711554,"logger":"fallback-logger","caller":"bash/main.go:64","msg":"Successfully executed command \"sh -c mkdir -p /workspace/source\"; output "}

Showing logs for build [32mcb-kubecd-environment-pr-158-42-76tr9-1[0m stage [32mfrom-build-pack[0m and container [32mstep-place-tools[0m

Showing logs for build [32mcb-kubecd-environment-pr-158-42-76tr9-1[0m stage [32mfrom-build-pack[0m and container [32mstep-git-source-cb-kubecd-environment-pr-158-42-76tr9-lgw5t[0m
{"level":"warn","ts":1581858338.1550207,"logger":"fallback-logger","caller":"logging/config.go:69","msg":"Fetch GitHub commit ID from kodata failed: \"ref: refs/heads/0.8.0-**-support-backwards-incompats\" is not a valid GitHub commit ID"}
{"level":"info","ts":1581858339.1932905,"logger":"fallback-logger","caller":"git/git.go:103","msg":"Successfully cloned https://github.com/cb-kubecd/environment-pr-158-42-boot-gke-staging.git @ master in path /workspace/source"}

Showing logs for build [32mcb-kubecd-environment-pr-158-42-76tr9-1[0m stage [32mfrom-build-pack[0m and container [32mstep-git-merge[0m
Using SHAs from PULL_REFS=master:e1bae3c09056da27499b301f3fc2a6d8f2e21708,3:b0ce56e1848e6c92034c3e3850553578cfdb4cfb
DEBUG: JX_LOG_LEVEL=error LC_ALL=C git fetch origin --unshallow b0ce56e1848e6c92034c3e3850553578cfdb4cfb: e1bae3c09056da27499b301f3fc2a6d8f2e21708:
DEBUG: ran git fetch --unshallow origin b0ce56e1848e6c92034c3e3850553578cfdb4cfb: e1bae3c09056da27499b301f3fc2a6d8f2e21708: in 
DEBUG: LC_ALL=C JX_LOG_LEVEL=error git branch
DEBUG: LC_ALL=C JX_LOG_LEVEL=error git checkout master
DEBUG: ran git checkout master in 
DEBUG: LC_ALL=C JX_LOG_LEVEL=error git reset --hard e1bae3c09056da27499b301f3fc2a6d8f2e21708
DEBUG: ran git reset --hard e1bae3c09056da27499b301f3fc2a6d8f2e21708 in 
DEBUG: LC_ALL=C JX_LOG_LEVEL=error git clean -fd .
DEBUG: ran clean --force -d . in 
DEBUG: LC_ALL=C JX_LOG_LEVEL=error git merge b0ce56e1848e6c92034c3e3850553578cfdb4cfb
DEBUG: ran git merge b0ce56e1848e6c92034c3e3850553578cfdb4cfb in 
DEBUG: JX_LOG_LEVEL=error LC_ALL=C git log --format=%H%x1f%an%x1f%ae%x1f%cn%x1f%ce%x1f%s%n%b%x1e e1bae3c09056da27499b301f3fc2a6d8f2e21708..HEAD
Merged SHA b0ce56e1848e6c92034c3e3850553578cfdb4cfb with commit message 'chore: Promote bdd-nh-1581857373 to version 0.0.1' into base branch master

Showing logs for build [32mcb-kubecd-environment-pr-158-42-76tr9-1[0m stage [32mfrom-build-pack[0m and container [32mstep-build-helm-build[0m
WARNING: No $CHART_REPOSITORY defined so using the default value of: http://jenkins-x-chartmuseum:8080
Adding missing Helm repo: storage.googleapis.com https://storage.googleapis.com/chartmuseum.jenkins-x.io
WARNING: No secrets found on "helm/repos" due: reading the secret "helm/repos" from vault: no secret "helm/repos" not found in vault
Read credentials for https://storage.googleapis.com/chartmuseum.jenkins-x.io from vault helm/repos
Successfully added Helm repository storage.googleapis.com.
Adding missing Helm repo: jenkins-x-chartmuseum http://jenkins-x-chartmuseum:8080
WARNING: No secrets found on "helm/repos" due: reading the secret "helm/repos" from vault: no secret "helm/repos" not found in vault
Read credentials for http://jenkins-x-chartmuseum:8080 from vault helm/repos
Successfully added Helm repository jenkins-x-chartmuseum.
WARNING: No $CHART_REPOSITORY defined so using the default value of: http://jenkins-x-chartmuseum:8080
Adding missing Helm repo: chartmuseum.jenkins-x.io http://chartmuseum.jenkins-x.io
WARNING: No secrets found on "helm/repos" due: reading the secret "helm/repos" from vault: no secret "helm/repos" not found in vault
Read credentials for http://chartmuseum.jenkins-x.io from vault helm/repos
Successfully added Helm repository chartmuseum.jenkins-x.io.
